Invoking: ng build 
❯ Building...
✔ Building...
Browser bundles     
Initial chunk files  | Names            |  Raw size | Estimated transfer size
main-Y3X4HGKI.js     | main             | 275.34 kB |                75.23 kB
styles-SJSRBYVD.css  | styles           |  11.95 kB |                 2.63 kB

                     | Initial total    | 287.29 kB |                77.85 kB


Server bundles      
Initial chunk files  | Names            |  Raw size
server.mjs           | server           | 838.98 kB |                        
main.server.mjs      | main.server      | 710.91 kB |                        
polyfills.server.mjs | polyfills.server | 233.25 kB |                        
chunk-L2MVFUKD.mjs   | -                |   1.32 kB |                        
chunk-T55IDOPT.mjs   | -                | 976 bytes |                        

Lazy chunk files     | Names            |  Raw size
chunk-UW44AX2L.mjs   | xhr2             |  12.14 kB |                        
chunk-DYF4GLAZ.mjs   | xhr2             |  12.07 kB |                        

Prerendered 3 static routes.
Application bundle generation complete. [5.981 seconds] - 2026-03-01T09:41:51.960Z

Output location: /home/gc-garunda/devs/dont-code/github/dont-code/apps/dashboard/dist/dashboard

